{
  "RSpec": {
    "coverage": {
      "/app/app/helpers/application_helper.rb": {
        "lines": [
          1,
          null
        ]
      },
      "/app/app/controllers/api/v1/customers_controller.rb": {
        "lines": [
          1,
          1,
          null,
          null,
          1,
          1,
          1,
          null,
          null,
          null,
          1,
          1,
          1,
          null,
          null,
          null,
          1,
          0,
          null,
          null,
          null,
          1,
          4,
          4,
          2,
          null,
          2,
          null,
          null,
          null,
          null,
          1,
          null,
          null,
          null,
          1,
          2,
          2,
          1,
          null,
          1,
          null,
          null,
          null,
          null,
          1,
          1,
          1,
          1,
          null,
          null,
          1,
          null,
          1,
          8,
          null,
          null,
          1,
          6,
          null,
          null
        ]
      },
      "/app/app/controllers/api/v1/base_controller.rb": {
        "lines": [
          1,
          null
        ]
      },
      "/app/app/controllers/api/base_controller.rb": {
        "lines": [
          1,
          null
        ]
      },
      "/app/app/controllers/api/v1/subscriptions_controller.rb": {
        "lines": [
          1,
          1,
          null,
          null,
          1,
          1,
          1,
          null,
          null,
          null,
          1,
          1,
          null,
          null,
          null,
          1,
          4,
          4,
          2,
          null,
          2,
          null,
          null,
          null,
          null,
          1,
          2,
          1,
          null,
          1,
          null,
          null,
          null,
          null,
          1,
          1,
          1,
          null,
          null,
          1,
          null,
          1,
          4,
          null,
          null,
          1,
          6,
          null,
          null
        ]
      },
      "/app/app/jobs/rebill_job.rb": {
        "lines": [
          1,
          1,
          null,
          1,
          3,
          2,
          null,
          null
        ]
      },
      "/app/app/models/customer.rb": {
        "lines": [
          1,
          1,
          null,
          null,
          1,
          1,
          1,
          null
        ]
      },
      "/app/app/models/payment.rb": {
        "lines": [
          1,
          1,
          null,
          1,
          1,
          1,
          null
        ]
      },
      "/app/app/models/subscription.rb": {
        "lines": [
          1,
          1,
          1,
          null,
          1,
          1,
          1,
          null,
          1,
          3,
          3,
          null,
          null
        ]
      },
      "/app/app/services/payment_rebilling_service.rb": {
        "lines": [
          1,
          1,
          1,
          null,
          1,
          7,
          7,
          null,
          null,
          1,
          7,
          13,
          13,
          null,
          12,
          12,
          null,
          12,
          null,
          12,
          5,
          5,
          5,
          null,
          null,
          null,
          1,
          null,
          null,
          1,
          null,
          1,
          12,
          null,
          null,
          1,
          2,
          1,
          null,
          1,
          null,
          null,
          null,
          1,
          null,
          12,
          null,
          5,
          null,
          7,
          null,
          0,
          null,
          null,
          12,
          null,
          null,
          null,
          null,
          null,
          null,
          1,
          null,
          3,
          null,
          null
        ]
      }
    },
    "timestamp": 1733330770
  }
}
